\BOOKMARK [1][-]{section.1}{1 Introduction}{}
\BOOKMARK [2][-]{subsection.1.1}{1.1 Why LuSql?}{section.1}
\BOOKMARK [2][-]{subsection.1.2}{1.2 Features}{section.1}
\BOOKMARK [3][-]{subsubsection.1.2.1}{1.2.1 What LuSql is not}{subsection.1.2}
\BOOKMARK [1][-]{section.2}{2 Download and Installation}{}
\BOOKMARK [2][-]{subsection.2.1}{2.1 Download}{section.2}
\BOOKMARK [2][-]{subsection.2.2}{2.2 Dependencies}{section.2}
\BOOKMARK [2][-]{subsection.2.3}{2.3 Running}{section.2}
\BOOKMARK [1][-]{section.3}{3 Command Line Arguments}{}
\BOOKMARK [1][-]{section.4}{4 Tutorial}{}
\BOOKMARK [2][-]{subsection.4.1}{4.1 Quickstart}{section.4}
\BOOKMARK [2][-]{subsection.4.2}{4.2 Tutorial-by-example}{section.4}
\BOOKMARK [2][-]{subsection.4.3}{4.3 Example 1: Single table}{section.4}
\BOOKMARK [3][-]{subsubsection.4.3.1}{4.3.1 Example 1 examined in Luke}{subsection.4.3}
\BOOKMARK [2][-]{subsection.4.4}{4.4 Example 2}{section.4}
\BOOKMARK [3][-]{subsubsection.4.4.1}{4.4.1 Example 2 examined in Luke}{subsection.4.4}
\BOOKMARK [2][-]{subsection.4.5}{4.5 Example 3}{section.4}
\BOOKMARK [3][-]{subsubsection.4.5.1}{4.5.1 Example 3 examined in Luke}{subsection.4.5}
\BOOKMARK [2][-]{subsection.4.6}{4.6 Example 4}{section.4}
\BOOKMARK [3][-]{subsubsection.4.6.1}{4.6.1 Example 4 examined in Luke}{subsection.4.6}
\BOOKMARK [1][-]{section.5}{5 Filter plugin}{}
\BOOKMARK [2][-]{subsection.5.1}{5.1 Interface DocFilter}{section.5}
\BOOKMARK [3][-]{subsubsection.5.1.1}{5.1.1 Class Doc}{subsection.5.1}
\BOOKMARK [3][-]{subsubsection.5.1.2}{5.1.2 Class LuceneFieldParameters}{subsection.5.1}
\BOOKMARK [2][-]{subsection.5.2}{5.2 Interface DBDocFilter}{section.5}
\BOOKMARK [1][-]{section.6}{6 Performance}{}
\BOOKMARK [2][-]{subsection.6.1}{6.1 Tuning}{section.6}
\BOOKMARK [3][-]{subsubsection.6.1.1}{6.1.1 Java VM options}{subsection.6.1}
\BOOKMARK [3][-]{subsubsection.6.1.2}{6.1.2 Lucene indexing}{subsection.6.1}
\BOOKMARK [3][-]{subsubsection.6.1.3}{6.1.3 SQL Database and queries}{subsection.6.1}
\BOOKMARK [2][-]{subsection.6.2}{6.2 Indexing Performance}{section.6}
\BOOKMARK [3][-]{subsubsection.6.2.1}{6.2.1 Example 2}{subsection.6.2}
\BOOKMARK [3][-]{subsubsection.6.2.2}{6.2.2 Example 3}{subsection.6.2}
\BOOKMARK [3][-]{subsubsection.6.2.3}{6.2.3 Example 4}{subsection.6.2}
\BOOKMARK [1][-]{section.7}{7 Acknowledgements}{}
\BOOKMARK [1][-]{section.A}{A LuSql license, copyright and authorship}{}
\BOOKMARK [2][-]{subsection.A.1}{A.1 Documentation License}{section.A}
\BOOKMARK [2][-]{subsection.A.2}{A.2 Software License}{section.A}
\BOOKMARK [2][-]{subsection.A.3}{A.3 Copyright}{section.A}
\BOOKMARK [2][-]{subsection.A.4}{A.4 Author}{section.A}
\BOOKMARK [1][-]{section.B}{B TODO}{}
\BOOKMARK [2][-]{subsection.B.1}{B.1 Properties for command line arguments}{section.B}
\BOOKMARK [2][-]{subsection.B.2}{B.2 Test on other DBMS}{section.B}
\BOOKMARK [2][-]{subsection.B.3}{B.3 Updating}{section.B}
\BOOKMARK [2][-]{subsection.B.4}{B.4 Logging, JUnit}{section.B}
\BOOKMARK [2][-]{subsection.B.5}{B.5 Refactor LuSql.java}{section.B}
\BOOKMARK [2][-]{subsection.B.6}{B.6 Robust Connection Failure Handling}{section.B}
\BOOKMARK [2][-]{subsection.B.7}{B.7 Per field weighting}{section.B}
\BOOKMARK [2][-]{subsection.B.8}{B.8 Extend Subquery Functionality}{section.B}
\BOOKMARK [2][-]{subsection.B.9}{B.9 Multiple Analyzers}{section.B}
\BOOKMARK [2][-]{subsection.B.10}{B.10 Abstract data source}{section.B}
\BOOKMARK [3][-]{subsubsection.B.10.1}{B.10.1 SPARQL}{subsection.B.10}
\BOOKMARK [2][-]{subsection.B.11}{B.11 Abstract indexing: data sink}{section.B}
\BOOKMARK [2][-]{subsection.B.12}{B.12 Alternatives for storage}{section.B}
\BOOKMARK [2][-]{subsection.B.13}{B.13 Multiple Parallel Indexes}{section.B}
\BOOKMARK [2][-]{subsection.B.14}{B.14 Update to Lucene 2.4}{section.B}
\BOOKMARK [3][-]{subsubsection.B.14.1}{B.14.1 New and deprecated Field.Index}{subsection.B.14}
\BOOKMARK [2][-]{subsection.B.15}{B.15 Apache Commons DBCP}{section.B}
\BOOKMARK [2][-]{subsection.B.16}{B.16 Roadmap}{section.B}
\BOOKMARK [3][-]{subsubsection.B.16.1}{B.16.1 V1.0}{subsection.B.16}
\BOOKMARK [3][-]{subsubsection.B.16.2}{B.16.2 V1.01}{subsection.B.16}
\BOOKMARK [3][-]{subsubsection.B.16.3}{B.16.3 V1.02}{subsection.B.16}
\BOOKMARK [3][-]{subsubsection.B.16.4}{B.16.4 V1.03}{subsection.B.16}
\BOOKMARK [3][-]{subsubsection.B.16.5}{B.16.5 V1.04}{subsection.B.16}
\BOOKMARK [2][-]{subsection.B.17}{B.17 Changes}{section.B}
\BOOKMARK [3][-]{subsubsection.B.17.1}{B.17.1 v0.9 2008 11 10}{subsection.B.17}
\BOOKMARK [1][-]{section.C}{C Indexing Parameters for arguments -i and -I}{}
\BOOKMARK [2][-]{subsection.C.1}{C.1 Field.Index}{section.C}
\BOOKMARK [2][-]{subsection.C.2}{C.2 Field.Store}{section.C}
\BOOKMARK [2][-]{subsection.C.3}{C.3 Field.TermVector}{section.C}
\BOOKMARK [1][-]{section.D}{D Hardware, software, OS used in examples}{}
\BOOKMARK [2][-]{subsection.D.1}{D.1 Hardware}{section.D}
\BOOKMARK [2][-]{subsection.D.2}{D.2 Software}{section.D}
\BOOKMARK [2][-]{subsection.D.3}{D.3 Operating System}{section.D}
\BOOKMARK [1][-]{section.E}{E MySQL Tutorial Tables for Examples 2--4}{}
\BOOKMARK [2][-]{subsection.E.1}{E.1 Publisher table}{section.E}
\BOOKMARK [2][-]{subsection.E.2}{E.2 Journal table}{section.E}
\BOOKMARK [2][-]{subsection.E.3}{E.3 Volume table}{section.E}
\BOOKMARK [2][-]{subsection.E.4}{E.4 Issue table}{section.E}
\BOOKMARK [2][-]{subsection.E.5}{E.5 Article table}{section.E}
\BOOKMARK [2][-]{subsection.E.6}{E.6 ArticleAuthorJoin table}{section.E}
\BOOKMARK [2][-]{subsection.E.7}{E.7 Author table}{section.E}
\BOOKMARK [2][-]{subsection.E.8}{E.8 ArticleKeywordJoin table}{section.E}
\BOOKMARK [2][-]{subsection.E.9}{E.9 Keyword table}{section.E}
\BOOKMARK [2][-]{subsection.E.10}{E.10 Reference table}{section.E}
\BOOKMARK [1][-]{section.F}{F LuSql Output: Examples 2--4}{}
\BOOKMARK [2][-]{subsection.F.1}{F.1 Example 2 Output}{section.F}
\BOOKMARK [2][-]{subsection.F.2}{F.2 Example 3 Output}{section.F}
\BOOKMARK [2][-]{subsection.F.3}{F.3 Example 4 Output}{section.F}
\BOOKMARK [1][-]{section.G}{G Example 4 Full-text Filter Source Code}{}
\BOOKMARK [1][-]{section.H}{H About this document}{}
