This is pdfeTeX, Version 3.141592-1.21a-2.2 (Web2C 7.5.4) (format=latex 2005.9.12)  16 OCT 2008 17:18
entering extended mode
**savetrees.ins
(./savetrees.ins
LaTeX2e <2003/12/01>
Babel <v3.8d> and hyphenation patterns for american, french, german, ngerman, b
ahasa, basque, bulgarian, catalan, croatian, czech, danish, dutch, esperanto, e
stonian, finnish, greek, icelandic, irish, italian, latin, magyar, norsk, polis
h, portuges, romanian, russian, serbian, slovak, slovene, spanish, swedish, tur
kish, ukrainian, nohyphenation, loaded.
(/usr/share/texmf/tex/latex/base/docstrip.tex
\blockLevel=\count79
\emptyLines=\count80
\processedLines=\count81
\commentsRemoved=\count82
\commentsPassed=\count83
\codeLinesPassed=\count84
\TotalprocessedLines=\count85
\TotalcommentsRemoved=\count86
\TotalcommentsPassed=\count87
\TotalcodeLinesPassed=\count88
\NumberOfFiles=\count89
\inFile=\read1
\inputcheck=\read2
\off@0=\count90
\off@1=\count91
\off@2=\count92
\off@3=\count93
\off@4=\count94
\off@5=\count95
\off@6=\count96
\off@7=\count97
\off@8=\count98
\off@9=\count99
\off@10=\count100
\off@11=\count101
\off@12=\count102
\off@13=\count103
\off@14=\count104
\off@15=\count105
\@maxfiles=\count106
\@maxoutfiles=\count107

Utility: `docstrip' 2.5c <2003/09/18>
English documentation    <1999/03/31>

**********************************************************
* This program converts documented macro-files into fast *
* loadable files by stripping off (nearly) all comments! *
**********************************************************

********************************************************
* No Configuration file found, using default settings. *
********************************************************

)

Generating file(s) ./savetrees.sty 
\openout0 = `./savetrees.sty'.


Processing file savetrees.dtx (package) -> savetrees.sty
File savetrees.dtx ended by \endinput.
Lines  processed: 3007
Comments removed: 1419
Comments  passed: 0
Codelines passed: 1573


Generating file(s) ./savetrees.bst 
\openout0 = `./savetrees.bst'.


Processing file savetrees.dtx (bibstyle) -> savetrees.bst
File savetrees.dtx ended by \endinput.
Lines  processed: 3007
Comments removed: 1419
Comments  passed: 0
Codelines passed: 1573


Generating file(s) ./makethin.pl 
\openout0 = `./makethin.pl'.


Processing file savetrees.dtx (makethin) -> makethin.pl
File savetrees.dtx ended by \endinput.
Lines  processed: 3007
Comments removed: 1419
Comments  passed: 0
Codelines passed: 1573

****************************************************************
*
* To finish the installation you have to move the following
* file into a directory searched by TeX:
*
*   savetrees.sty
*
* and the following file into a directory searched by BibTeX:
*
*   savetrees.bst
*
* and the following file into a directory in your executable
* search path:
*
*   makethin.pl
*
* If you're on a Unix system, you may want to rename
* makethin.pl to simply makethin.  You will need to make
* the script executable with "chmod +x makethin".  Also, a Unix
* man page can be generated with "makethin --man=makethin.1".
*
* To produce the documentation, run the file savetrees.dtx
* through LaTeX (twice, to get the references correct).
*
* Happy TeXing!
****************************************************************
Overall statistics:
Files  processed: 3
Lines  processed: 9021
Comments removed: 4257
Comments  passed: 0
Codelines passed: 4719
 ) 
Here is how much of TeX's memory you used:
 337 strings out of 94500
 3417 string characters out of 1172833
 52550 words of memory out of 3500000
 3595 multiletter control sequences out of 10000+50000
 3640 words of font info for 14 fonts, out of 500000 for 2000
 580 hyphenation exceptions out of 1000
 12i,0n,15p,205b,139s stack positions out of 1500i,500n,5000p,200000b,5000s

No pages of output.
