This is pdfeTeX, Version 3.141592-1.21a-2.2 (Web2C 7.5.4) (format=latex 2006.11.27)  10 OCT 2008 02:23
entering extended mode
**graphics.ins
(./graphics.ins
LaTeX2e <2003/12/01>
Babel <v3.8d> and hyphenation patterns for american, french, german, ngerman, b
ahasa, basque, bulgarian, catalan, croatian, czech, danish, dutch, esperanto, e
stonian, finnish, greek, icelandic, irish, italian, latin, magyar, norsk, polis
h, portuges, romanian, russian, serbian, slovak, slovene, spanish, swedish, tur
kish, ukrainian, nohyphenation, loaded.
(/usr/share/texmf/tex/latex/base/docstrip.tex
\blockLevel=\count79
\emptyLines=\count80
\processedLines=\count81
\commentsRemoved=\count82
\commentsPassed=\count83
\codeLinesPassed=\count84
\TotalprocessedLines=\count85
\TotalcommentsRemoved=\count86
\TotalcommentsPassed=\count87
\TotalcodeLinesPassed=\count88
\NumberOfFiles=\count89
\inFile=\read1
\inputcheck=\read2
\off@0=\count90
\off@1=\count91
\off@2=\count92
\off@3=\count93
\off@4=\count94
\off@5=\count95
\off@6=\count96
\off@7=\count97
\off@8=\count98
\off@9=\count99
\off@10=\count100
\off@11=\count101
\off@12=\count102
\off@13=\count103
\off@14=\count104
\off@15=\count105
\@maxfiles=\count106
\@maxoutfiles=\count107

Utility: `docstrip' 2.5c <2003/09/18>
English documentation    <1999/03/31>

**********************************************************
* This program converts documented macro-files into fast *
* loadable files by stripping off (nearly) all comments! *
**********************************************************

********************************************************
* No Configuration file found, using default settings. *
********************************************************

)

Generating file(s) ./graphics.sty 
\openout0 = `./graphics.sty'.


Processing file graphics.dtx (package) -> graphics.sty
Lines  processed: 1821
Comments removed: 1336
Comments  passed: 11
Codelines passed: 465


Generating file(s) ./color.sty 
\openout0 = `./color.sty'.


Processing file color.dtx (package) -> color.sty
Lines  processed: 911
Comments removed: 727
Comments  passed: 10
Codelines passed: 165


Generating file(s) ./graphicx.sty 
\openout0 = `./graphicx.sty'.


Processing file graphicx.dtx (package) -> graphicx.sty
Lines  processed: 863
Comments removed: 622
Comments  passed: 8
Codelines passed: 224


Generating file(s) ./trig.sty 
\openout0 = `./trig.sty'.


Processing file trig.dtx (package) -> trig.sty
File trig.dtx ended by \endinput.
Lines  processed: 307
Comments removed: 204
Comments  passed: 7
Codelines passed: 85


Generating file(s) ./keyval.sty 
\openout0 = `./keyval.sty'.


Processing file keyval.dtx (package) -> keyval.sty
File keyval.dtx ended by \endinput.
Lines  processed: 400
Comments removed: 310
Comments  passed: 7
Codelines passed: 66


Generating file(s) ./epsfig.sty 
\openout0 = `./epsfig.sty'.


Processing file epsfig.dtx (package) -> epsfig.sty
Lines  processed: 141
Comments removed: 40
Comments  passed: 7
Codelines passed: 85


Generating file(s) ./lscape.sty 
\openout0 = `./lscape.sty'.


Processing file lscape.dtx (package) -> lscape.sty
Lines  processed: 134
Comments removed: 77
Comments  passed: 7
Codelines passed: 41

Overall statistics:
Files  processed: 7
Lines  processed: 4577
Comments removed: 3316
Comments  passed: 57
Codelines passed: 1131
 ) 
Here is how much of TeX's memory you used:
 378 strings out of 94500
 3903 string characters out of 1172832
 51976 words of memory out of 3500000
 3633 multiletter control sequences out of 10000+50000
 3640 words of font info for 14 fonts, out of 500000 for 2000
 580 hyphenation exceptions out of 1000
 13i,0n,15p,149b,125s stack positions out of 1500i,500n,5000p,200000b,5000s

No pages of output.
